Creating 4-way pics ...
../
Building data file ...
........................../
Appending old levels ...
Total size is 33969
Creating 4-way pics ...
../
Building data file ...
........................../
Appending old levels ...
Total size is 33969
Creating 4-way pics ...
../
Building data file ...
........................../
Appending old levels ...
Total size is 33969
Creating 4-way pics ...
../
Building data file ...
........................../
Appending old levels ...
Total size is 33969
Creating 4-way pics ...
../
Building data file ...
........................../
Appending old levels ...
Total size is 33969
Creating 4-way pics ...
bash: ../tools/pixrotate: No such file or directory
bash: ../tools/pixrotate: No such file or directory
bash: ../tools/pixrotate: No such file or directory
.bash: ../tools/pixrotate: No such file or directory
bash: ../tools/pixrotate: No such file or directory
bash: ../tools/pixrotate: No such file or directory
./
Building data file ...
........................../
Appending old levels ...
Total size is 33969
